# Logfile created on 2025-12-27 22:12:27 -0300 by logger.rb/v1.6.0
I, [2025-12-27T22:12:32.440192 #17284]  INFO -- : Running example 'Verifying a pact between auth_service and product_service Given user exists and permissions were evaluated a request to check if user is in error in product_service with GET /user/user-123/permissions/errors returns a response which has status code 200'
I, [2025-12-27T22:12:32.440770 #17284]  INFO -- : Sending GET request to path: "/user/user-123/permissions/errors" with headers: {"HTTP_AUTHORIZATION"=>["Bearer valid.jwt.token"], "HTTP_X_PACT_ORIGINAL_HEADER_NAMES"=>"Authorization", "X_PACT_PROVIDER_STATES"=>[{"name"=>"user exists and permissions were evaluated"}]}, see debug logs for body
D, [2025-12-27T22:12:32.441106 #17284] DEBUG -- : body :
I, [2025-12-27T22:12:32.443705 #17284]  INFO -- : Running example 'Verifying a pact between auth_service and product_service Given user exists and permissions were evaluated a request to check if user is in error in product_service with GET /user/user-123/permissions/errors returns a response which has a matching body'
I, [2025-12-27T22:12:32.444293 #17284]  INFO -- : Sending GET request to path: "/user/user-123/permissions/errors" with headers: {"HTTP_AUTHORIZATION"=>["Bearer valid.jwt.token"], "HTTP_X_PACT_ORIGINAL_HEADER_NAMES"=>"Authorization", "X_PACT_PROVIDER_STATES"=>[{"name"=>"user exists and permissions were evaluated"}]}, see debug logs for body
D, [2025-12-27T22:12:32.444605 #17284] DEBUG -- : body :
I, [2025-12-27T22:12:32.447059 #17284]  INFO -- : Running example 'Verifying a pact between auth_service and product_service Given user exists and permissions were evaluated a request to check if user is in error in product_service with GET /user/user-123/permissions/errors returns a response which includes headers "Content-Type" which equals ["application/json"]'
I, [2025-12-27T22:12:32.447667 #17284]  INFO -- : Sending GET request to path: "/user/user-123/permissions/errors" with headers: {"HTTP_AUTHORIZATION"=>["Bearer valid.jwt.token"], "HTTP_X_PACT_ORIGINAL_HEADER_NAMES"=>"Authorization", "X_PACT_PROVIDER_STATES"=>[{"name"=>"user exists and permissions were evaluated"}]}, see debug logs for body
D, [2025-12-27T22:12:32.447933 #17284] DEBUG -- : body :
I, [2025-12-29T15:29:37.899189 #23658]  INFO -- : Running example 'Verifying a pact between auth_service and product_service Given user exists and permissions were evaluated a request to check if user is in error in product_service with GET /user/user-123/permissions/errors returns a response which has status code 200'
I, [2025-12-29T15:29:38.058021 #23658]  INFO -- : Running example 'Verifying a pact between auth_service and product_service Given user exists and permissions were evaluated a request to check if user is in error in product_service with GET /user/user-123/permissions/errors returns a response which has a matching body'
I, [2025-12-29T15:29:38.237438 #23658]  INFO -- : Running example 'Verifying a pact between auth_service and product_service Given user exists and permissions were evaluated a request to check if user is in error in product_service with GET /user/user-123/permissions/errors returns a response which includes headers "Content-Type" which equals ["application/json"]'
I, [2025-12-29T15:47:25.726151 #27323]  INFO -- : Running example 'Verifying a pact between auth_service and product_service Given user exists and permissions were evaluated a request to check if user is in error in product_service with GET /user/user-123/permissions/errors returns a response which has status code 200'
I, [2025-12-29T15:47:25.728687 #27323]  INFO -- : Sending GET request to path: "/user/user-123/permissions/errors" with headers: {"HTTP_AUTHORIZATION"=>["Bearer valid.jwt.token"], "HTTP_X_PACT_ORIGINAL_HEADER_NAMES"=>"Authorization", "X_PACT_PROVIDER_STATES"=>[{"name"=>"user exists and permissions were evaluated"}]}, see debug logs for body
D, [2025-12-29T15:47:25.728739 #27323] DEBUG -- : body :
I, [2025-12-29T15:47:25.729746 #27323]  INFO -- : Running example 'Verifying a pact between auth_service and product_service Given user exists and permissions were evaluated a request to check if user is in error in product_service with GET /user/user-123/permissions/errors returns a response which has a matching body'
I, [2025-12-29T15:47:25.730808 #27323]  INFO -- : Sending GET request to path: "/user/user-123/permissions/errors" with headers: {"HTTP_AUTHORIZATION"=>["Bearer valid.jwt.token"], "HTTP_X_PACT_ORIGINAL_HEADER_NAMES"=>"Authorization", "X_PACT_PROVIDER_STATES"=>[{"name"=>"user exists and permissions were evaluated"}]}, see debug logs for body
D, [2025-12-29T15:47:25.730848 #27323] DEBUG -- : body :
I, [2025-12-29T15:47:25.732068 #27323]  INFO -- : Running example 'Verifying a pact between auth_service and product_service Given user exists and permissions were evaluated a request to check if user is in error in product_service with GET /user/user-123/permissions/errors returns a response which includes headers "Content-Type" which equals ["application/json"]'
I, [2025-12-29T15:47:25.733243 #27323]  INFO -- : Sending GET request to path: "/user/user-123/permissions/errors" with headers: {"HTTP_AUTHORIZATION"=>["Bearer valid.jwt.token"], "HTTP_X_PACT_ORIGINAL_HEADER_NAMES"=>"Authorization", "X_PACT_PROVIDER_STATES"=>[{"name"=>"user exists and permissions were evaluated"}]}, see debug logs for body
D, [2025-12-29T15:47:25.733282 #27323] DEBUG -- : body :
I, [2025-12-29T15:51:59.062817 #27720]  INFO -- : Running example 'Verifying a pact between auth_service and product_service Given user exists and permissions were evaluated a request to check if user is in error in product_service with GET /user/user-123/permissions/errors returns a response which has status code 200'
I, [2025-12-29T15:51:59.064501 #27720]  INFO -- : Sending GET request to path: "/user/user-123/permissions/errors" with headers: {"HTTP_AUTHORIZATION"=>["Bearer valid.jwt.token"], "HTTP_X_PACT_ORIGINAL_HEADER_NAMES"=>"Authorization", "X_PACT_PROVIDER_STATES"=>[{"name"=>"user exists and permissions were evaluated"}]}, see debug logs for body
D, [2025-12-29T15:51:59.064540 #27720] DEBUG -- : body :
I, [2025-12-29T15:51:59.065430 #27720]  INFO -- : Running example 'Verifying a pact between auth_service and product_service Given user exists and permissions were evaluated a request to check if user is in error in product_service with GET /user/user-123/permissions/errors returns a response which has a matching body'
I, [2025-12-29T15:51:59.066275 #27720]  INFO -- : Sending GET request to path: "/user/user-123/permissions/errors" with headers: {"HTTP_AUTHORIZATION"=>["Bearer valid.jwt.token"], "HTTP_X_PACT_ORIGINAL_HEADER_NAMES"=>"Authorization", "X_PACT_PROVIDER_STATES"=>[{"name"=>"user exists and permissions were evaluated"}]}, see debug logs for body
D, [2025-12-29T15:51:59.066307 #27720] DEBUG -- : body :
I, [2025-12-29T15:51:59.067341 #27720]  INFO -- : Running example 'Verifying a pact between auth_service and product_service Given user exists and permissions were evaluated a request to check if user is in error in product_service with GET /user/user-123/permissions/errors returns a response which includes headers "Content-Type" which equals ["application/json"]'
I, [2025-12-29T15:51:59.068576 #27720]  INFO -- : Sending GET request to path: "/user/user-123/permissions/errors" with headers: {"HTTP_AUTHORIZATION"=>["Bearer valid.jwt.token"], "HTTP_X_PACT_ORIGINAL_HEADER_NAMES"=>"Authorization", "X_PACT_PROVIDER_STATES"=>[{"name"=>"user exists and permissions were evaluated"}]}, see debug logs for body
D, [2025-12-29T15:51:59.068615 #27720] DEBUG -- : body :
